0 0 0
0.0230664 0 0
0.0461329 0 0
0.0691993 0 0
0.0922657 0 0
0.115332 0 0
0.138399 0 0
0.161465 0 0
0.184531 0 0
0.207598 0 0
0.230664 0 0
0.253731 0 0
0.276797 0 0
0.299864 0 0
0.32293 0 0
0.345996 0 0
0.369063 0 0
0.392129 0 0
0.415196 0 0
0.438262 0 0
0.461329 0 0
0.484395 0 0
0.507461 0 0
0.530528 0 0
0.553594 0 0
0.576661 0 0
0.599727 0 0
0.622794 0 0
0.64586 0 0
0.668926 0 0
0.691993 0 0
0.715059 0 0
0.738126 0 0
0.761192 0 0
0.784259 0 0
0.807325 0 0
0.830391 0 0
0.853458 0 0
0.876524 8.10046e-05 3.60991e-05
0.899591 0.00371484 0.000295425
0.922657 0.0496776 0.000993397
0.945724 0.307002 0.00216002
0.96879 1.03705 0.00418242
0.991856 2.27589 0.00626936
1.01492 3.63732 0.00896644
1.03799 4.61013 0.00866256
1.06106 4.85084 0.00894693
1.08412 4.42614 0.00959453
1.10719 3.61552 0.00918408
1.13026 2.69482 0.00744127
1.15332 1.82417 0.00602501
1.17639 1.14849 0.00424696
1.19945 0.667842 0.00366883
1.22252 0.364788 0.00286074
1.24559 0.188855 0.00221616
1.26865 0.0931053 0.00173323
1.29172 0.0514864 0.00118102
1.31479 0.0433327 0.00117191
1.33785 0.0603191 0.00133185
1.36092 0.108058 0.00178791
1.38399 0.185749 0.00204562
1.40705 0.306004 0.00257043
1.43012 0.459647 0.0021989
1.45319 0.631853 0.00269969
1.47625 0.793725 0.00358859
1.49932 0.918708 0.00342401
1.52238 0.963858 0.00419606
1.54545 0.914448 0.00389516
1.56852 0.803065 0.00346468
1.59158 0.639056 0.00251198
1.61465 0.467124 0.00221973
1.63772 0.32253 0.00207391
1.66078 0.22639 0.00219302
1.68385 0.198322 0.00215137
1.70692 0.264462 0.00269741
1.72998 0.446305 0.00303099
1.75305 0.761521 0.00327831
1.77612 1.20662 0.00365462
1.79918 1.72749 0.00349256
1.82225 2.22454 0.00413408
1.84531 2.58169 0.00534588
1.86838 2.68908 0.0056472
1.89145 2.53162 0.00575056
1.91451 2.16831 0.00458272
1.93758 1.69061 0.00410777
1.96065 1.2068 0.00311965
1.98371 0.811798 0.00274069
2.00678 0.557076 0.00284149
2.02985 0.445854 0.0028802
2.05291 0.47195 0.00272747
2.07598 0.59683 0.00221086
2.09905 0.76199 0.00214766
2.12211 0.909915 0.00229573
2.14518 1.00102 0.00257144
2.16824 0.994979 0.00263685
2.19131 0.9173 0.0019892
2.21438 0.788958 0.00235575
2.23744 0.661655 0.00232262
2.26051 0.581023 0.00253702
2.28358 0.583444 0.00304968
