0 0 0
0.064633 0 0
0.129266 0 0
0.193899 0 0
0.258532 0 0
0.323165 0 0
0.387798 0 0
0.452431 0 0
0.517064 0 0
0.581697 0 0
0.64633 0 0
0.710963 0 0
0.775596 0 0
0.84023 0.00179605 0.000573984
0.904863 0.144849 0.00759392
0.969496 1.04575 0.0277107
1.03413 1.9179 0.0406595
1.09876 2.09608 0.040598
1.16339 1.92403 0.0378026
1.22803 1.73455 0.034406
1.29266 1.5604 0.0271208
1.35729 1.38686 0.0262461
1.42193 1.31007 0.0244227
1.48656 1.20667 0.0222991
1.55119 1.142 0.0230714
1.61583 1.11395 0.0217494
1.68046 1.08581 0.019427
1.74509 1.06674 0.0185375
1.80973 1.06546 0.0186057
1.87436 1.068 0.0199645
1.93899 1.0666 0.0192594
2.00362 1.0834 0.0181265
2.06826 1.08705 0.0154372
2.13289 1.07303 0.0158116
2.19752 1.05143 0.0152768
2.26216 1.03343 0.0140649
2.32679 1.05084 0.01505
2.39142 1.03522 0.0134624
2.45606 1.02344 0.0131172
2.52069 1.02953 0.0126158
2.58532 1.01952 0.0135865
2.64995 1.01668 0.0125082
2.71459 1.02797 0.0110645
2.77922 1.02294 0.0117519
2.84385 1.02094 0.0112847
2.90849 1.02363 0.0113377
2.97312 1.01955 0.0101364
3.03775 1.01262 0.0106089
3.10239 1.00188 0.00937041
3.16702 1.00351 0.00983055
3.23165 1.00009 0.0100348
3.29629 1.01643 0.00995294
3.36092 0.998335 0.0101106
3.42555 0.993753 0.00895583
3.49018 0.988575 0.00904677
3.55482 0.981208 0.00824595
3.61945 0.977829 0.0076451
3.68408 0.983029 0.00797294
3.74872 0.993937 0.00829968
3.81335 0.995144 0.00817878
3.87798 0.993857 0.00895248
3.94262 0.984706 0.00849085
4.00725 0.995035 0.00781602
4.07188 0.992316 0.00706833
4.13651 0.999826 0.00765174
4.20115 0.996836 0.00746769
4.26578 0.997307 0.00750412
4.33041 0.995533 0.00666481
4.39505 0.989947 0.00628746
4.45968 0.986944 0.00609415
4.52431 0.992068 0.00560519
4.58895 0.988974 0.00620793
4.65358 0.989486 0.00662102
4.71821 0.985372 0.00693271
4.78285 0.9927 0.00616161
4.84748 0.994349 0.0056611
4.91211 0.995733 0.00607572
4.97674 0.996241 0.00606624
5.04138 0.985717 0.00575366
5.10601 0.988333 0.00536552
5.17064 0.996502 0.00536901
5.23528 0.995753 0.0049875
5.29991 0.999469 0.00558183
5.36454 0.991248 0.00505925
5.42918 0.987844 0.00594246
5.49381 0.988357 0.00546485
5.55844 0.988628 0.00583552
5.62307 0.989903 0.00490294
5.68771 0.986166 0.00471668
5.75234 0.980749 0.00490054
5.81697 0.97599 0.00516544
5.88161 0.977221 0.00480444
5.94624 0.974989 0.00523144
6.01087 0.974233 0.00493289
6.07551 0.975017 0.00464363
6.14014 0.976945 0.00484805
6.20477 0.982574 0.00477852
6.2694 0.986102 0.0049045
6.33404 0.982649 0.00394301
6.39867 0.98651 0.00423991
