0 0 0
0.0256496 0 0
0.0512993 0 0
0.0769489 0 0
0.102599 0 0
0.128248 0 0
0.153898 0 0
0.179547 0 0
0.205197 0 0
0.230847 0 0
0.256496 0 0
0.282146 0 0
0.307796 0 0
0.333445 0 0
0.359095 0 0
0.384745 0 0
0.410394 0 0
0.436044 0 0
0.461694 0 0
0.487343 0 0
0.512993 0 0
0.538642 0 0
0.564292 0 0
0.589942 0 0
0.615591 0 0
0.641241 0 0
0.666891 0 0
0.69254 0 0
0.71819 0 0
0.74384 0 0
0.769489 0 0
0.795139 0 0
0.820788 0 0
0.846438 0 0
0.872088 0.000917052 0.0001628
0.897737 0.0239655 0.000822691
0.923387 0.161724 0.00227386
0.949037 0.565137 0.00374856
0.974686 1.20662 0.00636088
1.00034 1.86571 0.00844086
1.02599 2.33824 0.00907266
1.05164 2.54755 0.0102816
1.07728 2.54887 0.00872291
1.10293 2.40398 0.00913684
1.12858 2.1867 0.00845365
1.15423 1.9742 0.00846498
1.17988 1.76214 0.00819318
1.20553 1.56537 0.00823502
1.23118 1.40134 0.00779791
1.25683 1.26143 0.0070253
1.28248 1.13189 0.00564698
1.30813 1.01897 0.00566996
1.33378 0.934324 0.00490554
1.35943 0.869599 0.00548804
1.38508 0.816964 0.00529424
1.41073 0.762859 0.00385667
1.43638 0.737794 0.00486592
1.46203 0.711111 0.00419034
1.48768 0.680798 0.00476278
1.51333 0.672527 0.00444044
1.53898 0.674045 0.00411346
1.56463 0.669651 0.00396125
1.59028 0.675067 0.00403938
1.61593 0.688646 0.00348615
1.64158 0.703093 0.00400411
1.66723 0.72248 0.00440005
1.69288 0.746753 0.00438486
1.71853 0.784743 0.00378232
1.74418 0.815309 0.00428883
1.76983 0.852642 0.0041428
1.79547 0.895647 0.00462275
1.82112 0.940024 0.00430216
1.84677 0.981246 0.0040735
1.87242 1.02486 0.00360871
1.89807 1.05723 0.00389722
1.92372 1.10457 0.00430698
1.94937 1.1296 0.00422619
1.97502 1.16094 0.00394151
2.00067 1.1876 0.00401168
2.02632 1.20618 0.00397696
2.05197 1.21531 0.00409639
2.07762 1.22084 0.00379038
2.10327 1.20131 0.00382338
2.12892 1.18599 0.00372141
2.15457 1.16987 0.00354834
2.18022 1.15354 0.00354464
2.20587 1.11568 0.00365281
2.23152 1.09159 0.0036314
2.25717 1.06232 0.00339657
2.28282 1.03627 0.00349863
2.30847 1.00856 0.00344583
2.33412 0.98624 0.00324049
2.35977 0.967289 0.00309061
2.38542 0.947391 0.00287785
2.41107 0.92854 0.00311871
2.43672 0.917669 0.00329883
2.46237 0.899714 0.002956
2.48802 0.893727 0.00285947
2.51366 0.887143 0.00310401
2.53931 0.889668 0.00303713
